<?xml version="1.0" encoding="UTF-8"?>
<!-- Generated by org.testng.reporters.JUnitXMLReporter -->
<testsuite hostname="ganukay-7-int" name="Search" tests="39" failures="1" timestamp="11 Jun 2014 10:38:24 GMT" time="183.199" errors="0">
  <testcase name="@AfterMethod AfterMethod" time="0.0" classname="com.pronto.licenseserver.test.execution.LoginExecution">
    <failure type="org.openqa.selenium.WebDriverException" message="chrome not reachable
  (Session info: chrome=35.0.1916.114)
  (Driver info: chromedriver=2.7.236900,platform=Windows NT 6.1 SP1 x86_64) (WARNING: The server did not provide any stacktrace information)
Command duration or timeout: 1.01 seconds
Build info: version: &amp;apos;2.42.2&amp;apos;, revision: &amp;apos;6a6995d31c7c56c340d6f45a76976d43506cd6cc&amp;apos;, time: &amp;apos;2014-06-03 10:52:47&amp;apos;
System info: host: &amp;apos;ganukay-7-int&amp;apos;, ip: &amp;apos;172.17.33.8&amp;apos;, os.name: &amp;apos;Windows 7&amp;apos;, os.arch: &amp;apos;amd64&amp;apos;, os.version: &amp;apos;6.1&amp;apos;, java.version: &amp;apos;1.7.0_15&amp;apos;
Session ID: 0a410aee14afbbe0bc8aa8572950b367
Driver info: org.openqa.selenium.chrome.ChromeDriver
Capabilities [{platform=XP, acceptSslCerts=true, javascriptEnabled=true, browserName=chrome, chrome={userDataDir=C:\Users\GANUKA~1.PRO\AppData\Local\Temp\scoped_dir7744_23333}, rotatable=false, locationContextEnabled=true, version=35.0.1916.114, takesHeapSnapshot=true, cssSelectorsEnabled=true, databaseEnabled=false, handlesAlerts=true, browserConnectionEnabled=false, nativeEvents=true, webStorageEnabled=true, applicationCacheEnabled=false, takesScreenshot=true}]">
      <![CDATA[org.openqa.selenium.WebDriverException: chrome not reachable
  (Session info: chrome=35.0.1916.114)
  (Driver info: chromedriver=2.7.236900,platform=Windows NT 6.1 SP1 x86_64) (WARNING: The server did not provide any stacktrace information)
Command duration or timeout: 1.01 seconds
Build info: version: '2.42.2', revision: '6a6995d31c7c56c340d6f45a76976d43506cd6cc', time: '2014-06-03 10:52:47'
System info: host: 'ganukay-7-int', ip: '172.17.33.8', os.name: 'Windows 7', os.arch: 'amd64', os.version: '6.1', java.version: '1.7.0_15'
Session ID: 0a410aee14afbbe0bc8aa8572950b367
Driver info: org.openqa.selenium.chrome.ChromeDriver
Capabilities [{platform=XP, acceptSslCerts=true, javascriptEnabled=true, browserName=chrome, chrome={userDataDir=C:\Users\GANUKA~1.PRO\AppData\Local\Temp\scoped_dir7744_23333}, rotatable=false, locationContextEnabled=true, version=35.0.1916.114, takesHeapSnapshot=true, cssSelectorsEnabled=true, databaseEnabled=false, handlesAlerts=true, browserConnectionEnabled=false, nativeEvents=true, webStorageEnabled=true, applicationCacheEnabled=false, takesScreenshot=true}]
	at sun.reflect.NativeConstructorAccessorImpl.newInstance0(Native Method)
	at sun.reflect.NativeConstructorAccessorImpl.newInstance(NativeConstructorAccessorImpl.java:57)
	at sun.reflect.DelegatingConstructorAccessorImpl.newInstance(DelegatingConstructorAccessorImpl.java:45)
	at java.lang.reflect.Constructor.newInstance(Constructor.java:525)
	at org.openqa.selenium.remote.ErrorHandler.createThrowable(ErrorHandler.java:204)
	at org.openqa.selenium.remote.ErrorHandler.throwIfResponseFailed(ErrorHandler.java:156)
	at org.openqa.selenium.remote.RemoteWebDriver.execute(RemoteWebDriver.java:599)
	at org.openqa.selenium.remote.RemoteWebDriver.execute(RemoteWebDriver.java:614)
	at org.openqa.selenium.remote.RemoteWebDriver.close(RemoteWebDriver.java:463)
	at com.pronto.licenseserver.test.helper.TestCasePrevLoad.AfterMethod(TestCasePrevLoad.java:112)
	at sun.reflect.GeneratedMethodAccessor19.invoke(Unknown Source)
	at sun.reflect.DelegatingMethodAccessorImpl.invoke(DelegatingMethodAccessorImpl.java:43)
	at java.lang.reflect.Method.invoke(Method.java:601)
	at org.testng.internal.MethodInvocationHelper.invokeMethod(MethodInvocationHelper.java:84)
	at org.testng.internal.Invoker.invokeConfigurationMethod(Invoker.java:564)
	at org.testng.internal.Invoker.invokeConfigurations(Invoker.java:213)
	at org.testng.internal.Invoker.invokeMethod(Invoker.java:786)
	at org.testng.internal.Invoker.invokeTestMethod(Invoker.java:901)
	at org.testng.internal.Invoker.invokeTestMethods(Invoker.java:1231)
	at org.testng.internal.TestMethodWorker.invokeTestMethods(TestMethodWorker.java:127)
	at org.testng.internal.TestMethodWorker.run(TestMethodWorker.java:111)
	at org.testng.TestRunner.privateRun(TestRunner.java:767)
	at org.testng.TestRunner.run(TestRunner.java:617)
	at org.testng.SuiteRunner.runTest(SuiteRunner.java:334)
	at org.testng.SuiteRunner.runSequentially(SuiteRunner.java:329)
	at org.testng.SuiteRunner.privateRun(SuiteRunner.java:291)
	at org.testng.SuiteRunner.run(SuiteRunner.java:240)
	at org.testng.SuiteRunnerWorker.runSuite(SuiteRunnerWorker.java:52)
	at org.testng.SuiteRunnerWorker.run(SuiteRunnerWorker.java:86)
	at org.testng.TestNG.runSuitesSequentially(TestNG.java:1224)
	at org.testng.TestNG.runSuitesLocally(TestNG.java:1149)
	at org.testng.TestNG.run(TestNG.java:1057)
	at org.testng.remote.RemoteTestNG.run(RemoteTestNG.java:111)
	at org.testng.remote.RemoteTestNG.initAndRun(RemoteTestNG.java:204)
	at org.testng.remote.RemoteTestNG.main(RemoteTestNG.java:175)
]]>
    </failure>
  </testcase> <!-- @AfterMethod AfterMethod -->
  <testcase name="@BeforeMethod launchBrowser" time="0.0" classname="com.pronto.licenseserver.test.execution.LoginExecution">
    <skipped/>
  </testcase> <!-- @BeforeMethod launchBrowser -->
  <testcase name="@AfterMethod AfterMethod" time="0.0" classname="com.pronto.licenseserver.test.execution.LoginExecution">
    <skipped/>
  </testcase> <!-- @AfterMethod AfterMethod -->
  <testcase name="@BeforeMethod launchBrowser" time="0.0" classname="com.pronto.licenseserver.test.execution.LoginExecution">
    <skipped/>
  </testcase> <!-- @BeforeMethod launchBrowser -->
  <testcase name="@AfterMethod AfterMethod" time="0.0" classname="com.pronto.licenseserver.test.execution.LoginExecution">
    <skipped/>
  </testcase> <!-- @AfterMethod AfterMethod -->
  <testcase name="@AfterClass AfterClass" time="0.0" classname="com.pronto.licenseserver.test.execution.LoginExecution">
    <skipped/>
  </testcase> <!-- @AfterClass AfterClass -->
  <testcase name="@BeforeMethod launchBrowser" time="0.0" classname="com.pronto.licenseserver.test.execution.MenuExecutionValidation">
    <skipped/>
  </testcase> <!-- @BeforeMethod launchBrowser -->
  <testcase name="@AfterMethod AfterMethod" time="0.0" classname="com.pronto.licenseserver.test.execution.MenuExecutionValidation">
    <skipped/>
  </testcase> <!-- @AfterMethod AfterMethod -->
  <testcase name="@AfterClass AfterClass" time="0.0" classname="com.pronto.licenseserver.test.execution.MenuExecutionValidation">
    <skipped/>
  </testcase> <!-- @AfterClass AfterClass -->
  <testcase name="@BeforeMethod launchBrowser" time="0.0" classname="com.pronto.licenseserver.test.execution.NavigationExecution">
    <skipped/>
  </testcase> <!-- @BeforeMethod launchBrowser -->
  <testcase name="@AfterMethod AfterMethod" time="0.0" classname="com.pronto.licenseserver.test.execution.NavigationExecution">
    <skipped/>
  </testcase> <!-- @AfterMethod AfterMethod -->
  <testcase name="@BeforeMethod launchBrowser" time="0.0" classname="com.pronto.licenseserver.test.execution.NavigationExecution">
    <skipped/>
  </testcase> <!-- @BeforeMethod launchBrowser -->
  <testcase name="@AfterMethod AfterMethod" time="0.0" classname="com.pronto.licenseserver.test.execution.NavigationExecution">
    <skipped/>
  </testcase> <!-- @AfterMethod AfterMethod -->
  <testcase name="@BeforeMethod launchBrowser" time="0.0" classname="com.pronto.licenseserver.test.execution.NavigationExecution">
    <skipped/>
  </testcase> <!-- @BeforeMethod launchBrowser -->
  <testcase name="@AfterMethod AfterMethod" time="0.0" classname="com.pronto.licenseserver.test.execution.NavigationExecution">
    <skipped/>
  </testcase> <!-- @AfterMethod AfterMethod -->
  <testcase name="@BeforeMethod launchBrowser" time="0.0" classname="com.pronto.licenseserver.test.execution.NavigationExecution">
    <skipped/>
  </testcase> <!-- @BeforeMethod launchBrowser -->
  <testcase name="@AfterMethod AfterMethod" time="0.0" classname="com.pronto.licenseserver.test.execution.NavigationExecution">
    <skipped/>
  </testcase> <!-- @AfterMethod AfterMethod -->
  <testcase name="@AfterClass AfterClass" time="0.0" classname="com.pronto.licenseserver.test.execution.NavigationExecution">
    <skipped/>
  </testcase> <!-- @AfterClass AfterClass -->
  <testcase name="@BeforeMethod launchBrowser" time="0.0" classname="com.pronto.licenseserver.test.execution.ProductUsageValidationExecution">
    <skipped/>
  </testcase> <!-- @BeforeMethod launchBrowser -->
  <testcase name="@AfterMethod AfterMethod" time="0.0" classname="com.pronto.licenseserver.test.execution.ProductUsageValidationExecution">
    <skipped/>
  </testcase> <!-- @AfterMethod AfterMethod -->
  <testcase name="@BeforeMethod launchBrowser" time="0.0" classname="com.pronto.licenseserver.test.execution.ProductUsageValidationExecution">
    <skipped/>
  </testcase> <!-- @BeforeMethod launchBrowser -->
  <testcase name="@AfterMethod AfterMethod" time="0.0" classname="com.pronto.licenseserver.test.execution.ProductUsageValidationExecution">
    <skipped/>
  </testcase> <!-- @AfterMethod AfterMethod -->
  <testcase name="@AfterClass AfterClass" time="0.0" classname="com.pronto.licenseserver.test.execution.ProductUsageValidationExecution">
    <skipped/>
  </testcase> <!-- @AfterClass AfterClass -->
  <testcase name="@BeforeMethod launchBrowser" time="0.0" classname="com.pronto.licenseserver.test.execution.SearchPanelValidationExecution">
    <skipped/>
  </testcase> <!-- @BeforeMethod launchBrowser -->
  <testcase name="@AfterMethod AfterMethod" time="0.0" classname="com.pronto.licenseserver.test.execution.SearchPanelValidationExecution">
    <skipped/>
  </testcase> <!-- @AfterMethod AfterMethod -->
  <testcase name="@BeforeMethod launchBrowser" time="0.0" classname="com.pronto.licenseserver.test.execution.SearchPanelValidationExecution">
    <skipped/>
  </testcase> <!-- @BeforeMethod launchBrowser -->
  <testcase name="@AfterMethod AfterMethod" time="0.0" classname="com.pronto.licenseserver.test.execution.SearchPanelValidationExecution">
    <skipped/>
  </testcase> <!-- @AfterMethod AfterMethod -->
  <testcase name="@BeforeMethod launchBrowser" time="0.0" classname="com.pronto.licenseserver.test.execution.SearchPanelValidationExecution">
    <skipped/>
  </testcase> <!-- @BeforeMethod launchBrowser -->
  <testcase name="@AfterMethod AfterMethod" time="0.0" classname="com.pronto.licenseserver.test.execution.SearchPanelValidationExecution">
    <skipped/>
  </testcase> <!-- @AfterMethod AfterMethod -->
  <testcase name="@BeforeMethod launchBrowser" time="0.0" classname="com.pronto.licenseserver.test.execution.SearchPanelValidationExecution">
    <skipped/>
  </testcase> <!-- @BeforeMethod launchBrowser -->
  <testcase name="@AfterMethod AfterMethod" time="0.0" classname="com.pronto.licenseserver.test.execution.SearchPanelValidationExecution">
    <skipped/>
  </testcase> <!-- @AfterMethod AfterMethod -->
  <testcase name="@BeforeMethod launchBrowser" time="0.0" classname="com.pronto.licenseserver.test.execution.SearchPanelValidationExecution">
    <skipped/>
  </testcase> <!-- @BeforeMethod launchBrowser -->
  <testcase name="@AfterMethod AfterMethod" time="0.0" classname="com.pronto.licenseserver.test.execution.SearchPanelValidationExecution">
    <skipped/>
  </testcase> <!-- @AfterMethod AfterMethod -->
  <testcase name="@AfterClass AfterClass" time="0.0" classname="com.pronto.licenseserver.test.execution.SearchPanelValidationExecution">
    <skipped/>
  </testcase> <!-- @AfterClass AfterClass -->
  <testcase name="@AfterClass AfterClass" time="0.0" classname="com.pronto.licenseserver.test.execution.UsageValidationExecution">
    <skipped/>
  </testcase> <!-- @AfterClass AfterClass -->
  <testcase name="@BeforeMethod launchBrowser" time="0.0" classname="com.pronto.licenseserver.test.execution.UserUsageValidationExecution">
    <skipped/>
  </testcase> <!-- @BeforeMethod launchBrowser -->
  <testcase name="@AfterMethod AfterMethod" time="0.0" classname="com.pronto.licenseserver.test.execution.UserUsageValidationExecution">
    <skipped/>
  </testcase> <!-- @AfterMethod AfterMethod -->
  <testcase name="@BeforeMethod launchBrowser" time="0.0" classname="com.pronto.licenseserver.test.execution.UserUsageValidationExecution">
    <skipped/>
  </testcase> <!-- @BeforeMethod launchBrowser -->
  <testcase name="@AfterMethod AfterMethod" time="0.0" classname="com.pronto.licenseserver.test.execution.UserUsageValidationExecution">
    <skipped/>
  </testcase> <!-- @AfterMethod AfterMethod -->
  <testcase name="@BeforeMethod launchBrowser" time="0.0" classname="com.pronto.licenseserver.test.execution.UserUsageValidationExecution">
    <skipped/>
  </testcase> <!-- @BeforeMethod launchBrowser -->
  <testcase name="@AfterMethod AfterMethod" time="0.0" classname="com.pronto.licenseserver.test.execution.UserUsageValidationExecution">
    <skipped/>
  </testcase> <!-- @AfterMethod AfterMethod -->
  <testcase name="@BeforeMethod launchBrowser" time="0.0" classname="com.pronto.licenseserver.test.execution.UserUsageValidationExecution">
    <skipped/>
  </testcase> <!-- @BeforeMethod launchBrowser -->
  <testcase name="@AfterMethod AfterMethod" time="0.0" classname="com.pronto.licenseserver.test.execution.UserUsageValidationExecution">
    <skipped/>
  </testcase> <!-- @AfterMethod AfterMethod -->
  <testcase name="@AfterClass AfterClass" time="0.0" classname="com.pronto.licenseserver.test.execution.UserUsageValidationExecution">
    <skipped/>
  </testcase> <!-- @AfterClass AfterClass -->
  <testcase name="@AfterTest afterTest" time="0.0" classname="com.pronto.licenseserver.test.execution.DailyUsageProductValidationExecution">
    <skipped/>
  </testcase> <!-- @AfterTest afterTest -->
  <testcase name="apiUsageValidation" time="2.282" classname="com.pronto.licenseserver.test.execution.APIUsageValidationExecution"/>
  <testcase name="apiUsageValidation" time="7.812" classname="com.pronto.licenseserver.test.execution.APIUsageValidationExecution"/>
  <testcase name="dailyUsageAPIValidation" time="1.313" classname="com.pronto.licenseserver.test.execution.DailyUsageAPIValidationExecution"/>
  <testcase name="dailyUsageAPIValidation" time="0.37" classname="com.pronto.licenseserver.test.execution.DailyUsageAPIValidationExecution"/>
  <testcase name="dailyUsageAPIValidation" time="0.471" classname="com.pronto.licenseserver.test.execution.DailyUsageAPIValidationExecution"/>
  <testcase name="dailyUsageAPIValidation" time="0.365" classname="com.pronto.licenseserver.test.execution.DailyUsageAPIValidationExecution"/>
  <testcase name="dailyUsageAPIValidation" time="0.372" classname="com.pronto.licenseserver.test.execution.DailyUsageAPIValidationExecution"/>
  <testcase name="dailyUsageAPIValidation" time="0.55" classname="com.pronto.licenseserver.test.execution.DailyUsageAPIValidationExecution"/>
  <testcase name="dailyUsageProductValidation" time="1.268" classname="com.pronto.licenseserver.test.execution.DailyUsageProductValidationExecution"/>
  <testcase name="dailyUsageProductValidation" time="0.405" classname="com.pronto.licenseserver.test.execution.DailyUsageProductValidationExecution"/>
  <testcase name="dailyUsageProductValidation" time="0.391" classname="com.pronto.licenseserver.test.execution.DailyUsageProductValidationExecution"/>
  <testcase name="dailyUsageUserValidation" time="1.078" classname="com.pronto.licenseserver.test.execution.DailyUsageUserValidationExecution"/>
  <testcase name="dailyUsageUserValidation" time="0.582" classname="com.pronto.licenseserver.test.execution.DailyUsageUserValidationExecution"/>
  <testcase name="dailyUsageUserValidation" time="0.375" classname="com.pronto.licenseserver.test.execution.DailyUsageUserValidationExecution"/>
  <testcase name="dailyUsageUserValidation" time="0.376" classname="com.pronto.licenseserver.test.execution.DailyUsageUserValidationExecution"/>
  <testcase name="dailyUsageValidation" time="1.029" classname="com.pronto.licenseserver.test.execution.DailyUsageValidationExecution"/>
  <testcase name="dailyUsageValidation" time="0.524" classname="com.pronto.licenseserver.test.execution.DailyUsageValidationExecution"/>
  <testcase name="dailyUsageValidation" time="0.385" classname="com.pronto.licenseserver.test.execution.DailyUsageValidationExecution"/>
  <testcase name="LoginExecute" time="56.43" classname="com.pronto.licenseserver.test.execution.LoginExecution"/>
  <testcase name="LoginExecute" time="9.576" classname="com.pronto.licenseserver.test.execution.LoginExecution">
    <failure type="org.openqa.selenium.NoSuchWindowException" message="no such window: target window already closed
from unknown error: web view not found
  (Session info: chrome=35.0.1916.114)
  (Driver info: chromedriver=2.7.236900,platform=Windows NT 6.1 SP1 x86_64) (WARNING: The server did not provide any stacktrace information)
Command duration or timeout: 11 milliseconds
Build info: version: &amp;apos;2.42.2&amp;apos;, revision: &amp;apos;6a6995d31c7c56c340d6f45a76976d43506cd6cc&amp;apos;, time: &amp;apos;2014-06-03 10:52:47&amp;apos;
System info: host: &amp;apos;ganukay-7-int&amp;apos;, ip: &amp;apos;172.17.33.8&amp;apos;, os.name: &amp;apos;Windows 7&amp;apos;, os.arch: &amp;apos;amd64&amp;apos;, os.version: &amp;apos;6.1&amp;apos;, java.version: &amp;apos;1.7.0_15&amp;apos;
Session ID: 0a410aee14afbbe0bc8aa8572950b367
Driver info: org.openqa.selenium.chrome.ChromeDriver
Capabilities [{platform=XP, acceptSslCerts=true, javascriptEnabled=true, browserName=chrome, chrome={userDataDir=C:\Users\GANUKA~1.PRO\AppData\Local\Temp\scoped_dir7744_23333}, rotatable=false, locationContextEnabled=true, version=35.0.1916.114, takesHeapSnapshot=true, cssSelectorsEnabled=true, databaseEnabled=false, handlesAlerts=true, browserConnectionEnabled=false, nativeEvents=true, webStorageEnabled=true, applicationCacheEnabled=false, takesScreenshot=true}]">
      <![CDATA[org.openqa.selenium.NoSuchWindowException: no such window: target window already closed
from unknown error: web view not found
  (Session info: chrome=35.0.1916.114)
  (Driver info: chromedriver=2.7.236900,platform=Windows NT 6.1 SP1 x86_64) (WARNING: The server did not provide any stacktrace information)
Command duration or timeout: 11 milliseconds
Build info: version: '2.42.2', revision: '6a6995d31c7c56c340d6f45a76976d43506cd6cc', time: '2014-06-03 10:52:47'
System info: host: 'ganukay-7-int', ip: '172.17.33.8', os.name: 'Windows 7', os.arch: 'amd64', os.version: '6.1', java.version: '1.7.0_15'
Session ID: 0a410aee14afbbe0bc8aa8572950b367
Driver info: org.openqa.selenium.chrome.ChromeDriver
Capabilities [{platform=XP, acceptSslCerts=true, javascriptEnabled=true, browserName=chrome, chrome={userDataDir=C:\Users\GANUKA~1.PRO\AppData\Local\Temp\scoped_dir7744_23333}, rotatable=false, locationContextEnabled=true, version=35.0.1916.114, takesHeapSnapshot=true, cssSelectorsEnabled=true, databaseEnabled=false, handlesAlerts=true, browserConnectionEnabled=false, nativeEvents=true, webStorageEnabled=true, applicationCacheEnabled=false, takesScreenshot=true}]
	at sun.reflect.NativeConstructorAccessorImpl.newInstance0(Native Method)
	at sun.reflect.NativeConstructorAccessorImpl.newInstance(NativeConstructorAccessorImpl.java:57)
	at sun.reflect.DelegatingConstructorAccessorImpl.newInstance(DelegatingConstructorAccessorImpl.java:45)
	at java.lang.reflect.Constructor.newInstance(Constructor.java:525)
	at org.openqa.selenium.remote.ErrorHandler.createThrowable(ErrorHandler.java:204)
	at org.openqa.selenium.remote.ErrorHandler.throwIfResponseFailed(ErrorHandler.java:156)
	at org.openqa.selenium.remote.RemoteWebDriver.execute(RemoteWebDriver.java:599)
	at org.openqa.selenium.remote.RemoteWebDriver.findElement(RemoteWebDriver.java:352)
	at org.openqa.selenium.remote.RemoteWebDriver.findElementByXPath(RemoteWebDriver.java:449)
	at org.openqa.selenium.By$ByXPath.findElement(By.java:357)
	at org.openqa.selenium.remote.RemoteWebDriver.findElement(RemoteWebDriver.java:344)
	at com.pronto.licenseserver.test.pageobject.LoginPage.enterUserName(LoginPage.java:17)
	at com.pronto.licenseserver.test.pageobject.LoginPage.newUserLogin(LoginPage.java:34)
	at com.pronto.licenseserver.test.execution.LoginExecution.LoginExecute(LoginExecution.java:26)
	at sun.reflect.NativeMethodAccessorImpl.invoke0(Native Method)
	at sun.reflect.NativeMethodAccessorImpl.invoke(NativeMethodAccessorImpl.java:57)
	at sun.reflect.DelegatingMethodAccessorImpl.invoke(DelegatingMethodAccessorImpl.java:43)
	at java.lang.reflect.Method.invoke(Method.java:601)
	at org.testng.internal.MethodInvocationHelper.invokeMethod(MethodInvocationHelper.java:84)
	at org.testng.internal.Invoker.invokeMethod(Invoker.java:714)
	at org.testng.internal.Invoker.invokeTestMethod(Invoker.java:901)
	at org.testng.internal.Invoker.invokeTestMethods(Invoker.java:1231)
	at org.testng.internal.TestMethodWorker.invokeTestMethods(TestMethodWorker.java:127)
	at org.testng.internal.TestMethodWorker.run(TestMethodWorker.java:111)
	at org.testng.TestRunner.privateRun(TestRunner.java:767)
	at org.testng.TestRunner.run(TestRunner.java:617)
	at org.testng.SuiteRunner.runTest(SuiteRunner.java:334)
	at org.testng.SuiteRunner.runSequentially(SuiteRunner.java:329)
	at org.testng.SuiteRunner.privateRun(SuiteRunner.java:291)
	at org.testng.SuiteRunner.run(SuiteRunner.java:240)
	at org.testng.SuiteRunnerWorker.runSuite(SuiteRunnerWorker.java:52)
	at org.testng.SuiteRunnerWorker.run(SuiteRunnerWorker.java:86)
	at org.testng.TestNG.runSuitesSequentially(TestNG.java:1224)
	at org.testng.TestNG.runSuitesLocally(TestNG.java:1149)
	at org.testng.TestNG.run(TestNG.java:1057)
	at org.testng.remote.RemoteTestNG.run(RemoteTestNG.java:111)
	at org.testng.remote.RemoteTestNG.initAndRun(RemoteTestNG.java:204)
	at org.testng.remote.RemoteTestNG.main(RemoteTestNG.java:175)
]]>
    </failure>
  </testcase> <!-- LoginExecute -->
  <testcase name="LoginExecute" time="0.001" classname="com.pronto.licenseserver.test.execution.LoginExecution">
    <skipped/>
  </testcase> <!-- LoginExecute -->
  <testcase name="LoginExecute" time="0.001" classname="com.pronto.licenseserver.test.execution.LoginExecution">
    <skipped/>
  </testcase> <!-- LoginExecute -->
  <testcase name="validataMenuPages" time="0.0" classname="com.pronto.licenseserver.test.execution.MenuExecutionValidation">
    <skipped/>
  </testcase> <!-- validataMenuPages -->
  <testcase name="homePageValidation" time="0.001" classname="com.pronto.licenseserver.test.execution.NavigationExecution">
    <skipped/>
  </testcase> <!-- homePageValidation -->
  <testcase name="homePageValidation" time="0.0" classname="com.pronto.licenseserver.test.execution.NavigationExecution">
    <skipped/>
  </testcase> <!-- homePageValidation -->
  <testcase name="homePageValidation" time="0.0" classname="com.pronto.licenseserver.test.execution.NavigationExecution">
    <skipped/>
  </testcase> <!-- homePageValidation -->
  <testcase name="homePageValidation" time="0.0" classname="com.pronto.licenseserver.test.execution.NavigationExecution">
    <skipped/>
  </testcase> <!-- homePageValidation -->
  <testcase name="productUsageValidation" time="0.0" classname="com.pronto.licenseserver.test.execution.ProductUsageValidationExecution">
    <skipped/>
  </testcase> <!-- productUsageValidation -->
  <testcase name="productUsageValidation" time="0.001" classname="com.pronto.licenseserver.test.execution.ProductUsageValidationExecution">
    <skipped/>
  </testcase> <!-- productUsageValidation -->
  <testcase name="searchPanelValidation" time="0.0" classname="com.pronto.licenseserver.test.execution.SearchPanelValidationExecution">
    <skipped/>
  </testcase> <!-- searchPanelValidation -->
  <testcase name="searchPanelValidation" time="0.001" classname="com.pronto.licenseserver.test.execution.SearchPanelValidationExecution">
    <skipped/>
  </testcase> <!-- searchPanelValidation -->
  <testcase name="searchPanelValidation" time="0.0" classname="com.pronto.licenseserver.test.execution.SearchPanelValidationExecution">
    <skipped/>
  </testcase> <!-- searchPanelValidation -->
  <testcase name="searchPanelValidation" time="0.001" classname="com.pronto.licenseserver.test.execution.SearchPanelValidationExecution">
    <skipped/>
  </testcase> <!-- searchPanelValidation -->
  <testcase name="searchPanelValidation" time="0.001" classname="com.pronto.licenseserver.test.execution.SearchPanelValidationExecution">
    <skipped/>
  </testcase> <!-- searchPanelValidation -->
  <testcase name="overallUsageValidation" time="0.001" classname="com.pronto.licenseserver.test.execution.UsageValidationExecution">
    <skipped/>
  </testcase> <!-- overallUsageValidation -->
  <testcase name="userUsageValidation" time="0.0" classname="com.pronto.licenseserver.test.execution.UserUsageValidationExecution">
    <skipped/>
  </testcase> <!-- userUsageValidation -->
  <testcase name="userUsageValidation" time="0.001" classname="com.pronto.licenseserver.test.execution.UserUsageValidationExecution">
    <skipped/>
  </testcase> <!-- userUsageValidation -->
  <testcase name="userUsageValidation" time="0.001" classname="com.pronto.licenseserver.test.execution.UserUsageValidationExecution">
    <skipped/>
  </testcase> <!-- userUsageValidation -->
  <testcase name="userUsageValidation" time="0.0" classname="com.pronto.licenseserver.test.execution.UserUsageValidationExecution">
    <skipped/>
  </testcase> <!-- userUsageValidation -->
</testsuite> <!-- Search -->
